<?xml version="1.0" encoding="UTF-8"?>
<testsuite name="com.ratest.cucumber.StudentRunner" time="1.067" tests="10" errors="0" skipped="0" failures="0">
  <properties>
[...]
</properties>
  <testcase name="Given User sends a GET request to the list endpoint,they must get back a valid status code 200" classname="Scenario: Check if the student application can be accessed by users" time="0.002"/>
  <testcase name="Given User sends a GET request to the list endpoint,they must get back a valid status code 200" classname="Scenario: Check if the student application can be accessed by users" time="0"/>
  <testcase name="Scenario: Check if the student application can be accessed by users" classname="Scenario: Check if the student application can be accessed by users" time="0.974"/>
  <testcase name="Scenario: Check if the student application can be accessed by users" classname="Scenario: Check if the student application can be accessed by users" time="0.038"/>
  <testcase name="When I create a new student by providing the information firstName Declan lastName Smith email nnon.ante.bibendum@risusDonecegestas.edu programme Computer Science courses Java" classname="| Declan | Smith | nnon.ante.bibendum@risusDonecegestas.edu | Computer Science | Java |" time="0"/>
  <testcase name="Then I verify that the student with Declan is created" classname="| Declan | Smith | nnon.ante.bibendum@risusDonecegestas.edu | Computer Science | Java |" time="0"/>
  <testcase name="| Declan | Smith | nnon.ante.bibendum@risusDonecegestas.edu | Computer Science | Java |" classname="| Declan | Smith | nnon.ante.bibendum@risusDonecegestas.edu | Computer Science | Java |" time="0.002"/>
  <testcase name="When I create a new student by providing the information firstName Mark lastName Taylor email nnon2.ante.bibendum@risusDonecegestas.edu programme Computer Science courses Java" classname="| Mark | Taylor | nnon2.ante.bibendum@risusDonecegestas.edu | Computer Science | Java |" time="0"/>
  <testcase name="Then I verify that the student with Mark is created" classname="| Mark | Taylor | nnon2.ante.bibendum@risusDonecegestas.edu | Computer Science | Java |" time="0.004"/>
  <testcase name="| Mark | Taylor | nnon2.ante.bibendum@risusDonecegestas.edu | Computer Science | Java |" classname="| Mark | Taylor | nnon2.ante.bibendum@risusDonecegestas.edu | Computer Science | Java |" time="0.085"/>
</testsuite>