<?xml version="1.0" encoding="UTF-8"?>
<testsuite name="com.ratest.cucumber.StudentRunner" time="1.209" tests="6" errors="0" skipped="0" failures="0">
  <properties>
[...]
</properties>
  <testcase name="Given User sends a GET request to the list endpoint,they must get back a valid status code 200" classname="Scenario: Check if the student application can be accessed by users" time="0.002"/>
  <testcase name="Given User sends a GET request to the list endpoint,they must get back a valid status code 200" classname="Scenario: Check if the student application can be accessed by users" time="0"/>
  <testcase name="Scenario: Check if the student application can be accessed by users" classname="Scenario: Check if the student application can be accessed by users" time="1.154"/>
  <testcase name="Scenario: Check if the student application can be accessed by users" classname="Scenario: Check if the student application can be accessed by users" time="0.051"/>
  <testcase name="When I create a new student by providing the information firstName, lastName, email, programme and courses" classname="Scenario: Create a new student &amp; verify if the student is added" time="0"/>
  <testcase name="Scenario: Create a new student &amp; verify if the student is added" classname="Scenario: Create a new student &amp; verify if the student is added" time="0.053"/>
</testsuite>